<?xml version="1.0" encoding="UTF-8"?>
<testng-results skipped="0" failed="0" ignored="0" total="1" passed="1">
  <reporter-output>
  </reporter-output>
  <suite name="Default suite" duration-ms="25967" started-at="2020-08-25T09:31:41Z" finished-at="2020-08-25T09:32:07Z">
    <groups>
    </groups>
    <test name="Default test" duration-ms="25967" started-at="2020-08-25T09:31:41Z" finished-at="2020-08-25T09:32:07Z">
      <class name="test.GoogleTestNG">
        <test-method status="PASS" signature="setUp()[pri:0, instance:test.GoogleTestNG@ae45eb6]" name="setUp" is-config="true" duration-ms="5799" started-at="2020-08-25T09:31:41Z" finished-at="2020-08-25T09:31:47Z">
          <reporter-output>
          </reporter-output>
        </test-method> <!-- setUp -->
        <test-method status="PASS" signature="googleSearch()[pri:0, instance:test.GoogleTestNG@ae45eb6]" name="googleSearch" duration-ms="15097" started-at="2020-08-25T09:31:47Z" finished-at="2020-08-25T09:32:02Z">
          <reporter-output>
          </reporter-output>
        </test-method> <!-- googleSearch -->
        <test-method status="PASS" signature="tearDown()[pri:0, instance:test.GoogleTestNG@ae45eb6]" name="tearDown" is-config="true" duration-ms="5036" started-at="2020-08-25T09:32:02Z" finished-at="2020-08-25T09:32:07Z">
          <reporter-output>
          </reporter-output>
        </test-method> <!-- tearDown -->
      </class> <!-- test.GoogleTestNG -->
    </test> <!-- Default test -->
  </suite> <!-- Default suite -->
</testng-results>
